<?xml version="1.0" encoding="UTF-8"?>
<coverage generated="1718364499166" clover="3.2.0">
  <project timestamp="1718364499167" name="All files">
    <metrics statements="40" coveredstatements="29" conditionals="0" coveredconditionals="0" methods="12" coveredmethods="7" elements="52" coveredelements="36" complexity="0" loc="40" ncloc="40" packages="4" files="11" classes="11"/>
    <package name="MovieApp">
      <metrics statements="9" coveredstatements="2" conditionals="0" coveredconditionals="0" methods="2" coveredmethods="1"/>
      <file name=".eslintrc.js" path="/Users/dileepvarma/React-native-workspace/MovieApp/.eslintrc.js">
        <metrics statements="1" coveredstatements="0" conditionals="0" coveredconditionals="0" methods="0" coveredmethods="0"/>
        <line num="1" count="0" type="stmt"/>
      </file>
      <file name=".prettierrc.js" path="/Users/dileepvarma/React-native-workspace/MovieApp/.prettierrc.js">
        <metrics statements="1" coveredstatements="0" conditionals="0" coveredconditionals="0" methods="0" coveredmethods="0"/>
        <line num="1" count="0" type="stmt"/>
      </file>
      <file name="App.jsx" path="/Users/dileepvarma/React-native-workspace/MovieApp/App.jsx">
        <metrics statements="2" coveredstatements="2" conditionals="0" coveredconditionals="0" methods="1" coveredmethods="1"/>
        <line num="7" count="1" type="stmt"/>
        <line num="8" count="1" type="stmt"/>
      </file>
      <file name="index.js" path="/Users/dileepvarma/React-native-workspace/MovieApp/index.js">
        <metrics statements="1" coveredstatements="0" conditionals="0" coveredconditionals="0" methods="1" coveredmethods="0"/>
        <line num="10" count="0" type="stmt"/>
      </file>
      <file name="metro.config.js" path="/Users/dileepvarma/React-native-workspace/MovieApp/metro.config.js">
        <metrics statements="3" coveredstatements="0" conditionals="0" coveredconditionals="0" methods="0" coveredmethods="0"/>
        <line num="1" count="0" type="stmt"/>
        <line num="9" count="0" type="stmt"/>
        <line num="11" count="0" type="stmt"/>
      </file>
      <file name="react-native-gesture-handler.js" path="/Users/dileepvarma/React-native-workspace/MovieApp/react-native-gesture-handler.js">
        <metrics statements="1" coveredstatements="0" conditionals="0" coveredconditionals="0" methods="0" coveredmethods="0"/>
        <line num="1" count="0" type="stmt"/>
      </file>
    </package>
    <package name="MovieApp.src.components">
      <metrics statements="21" coveredstatements="18" conditionals="0" coveredconditionals="0" methods="7" coveredmethods="4"/>
      <file name="Header.jsx" path="/Users/dileepvarma/React-native-workspace/MovieApp/src/components/Header.jsx">
        <metrics statements="3" coveredstatements="3" conditionals="0" coveredconditionals="0" methods="1" coveredmethods="1"/>
        <line num="4" count="2" type="stmt"/>
        <line num="5" count="1" type="stmt"/>
        <line num="12" count="2" type="stmt"/>
      </file>
      <file name="MovieList.jsx" path="/Users/dileepvarma/React-native-workspace/MovieApp/src/components/MovieList.jsx">
        <metrics statements="18" coveredstatements="15" conditionals="0" coveredconditionals="0" methods="6" coveredmethods="3"/>
        <line num="5" count="2" type="stmt"/>
        <line num="6" count="1" type="stmt"/>
        <line num="8" count="1" type="stmt"/>
        <line num="9" count="1" type="stmt"/>
        <line num="10" count="1" type="stmt"/>
        <line num="11" count="1" type="stmt"/>
        <line num="13" count="1" type="stmt"/>
        <line num="14" count="1" type="stmt"/>
        <line num="15" count="1" type="stmt"/>
        <line num="18" count="1" type="stmt"/>
        <line num="20" count="0" type="stmt"/>
        <line num="22" count="1" type="stmt"/>
        <line num="26" count="1" type="stmt"/>
        <line num="29" count="1" type="stmt"/>
        <line num="30" count="0" type="stmt"/>
        <line num="41" count="1" type="stmt"/>
        <line num="45" count="0" type="stmt"/>
        <line num="50" count="2" type="stmt"/>
      </file>
    </package>
    <package name="MovieApp.src.navigation">
      <metrics statements="3" coveredstatements="3" conditionals="0" coveredconditionals="0" methods="1" coveredmethods="1"/>
      <file name="AppNavigator.jsx" path="/Users/dileepvarma/React-native-workspace/MovieApp/src/navigation/AppNavigator.jsx">
        <metrics statements="3" coveredstatements="3" conditionals="0" coveredconditionals="0" methods="1" coveredmethods="1"/>
        <line num="6" count="2" type="stmt"/>
        <line num="8" count="2" type="stmt"/>
        <line num="9" count="2" type="stmt"/>
      </file>
    </package>
    <package name="MovieApp.src.screens">
      <metrics statements="7" coveredstatements="6" conditionals="0" coveredconditionals="0" methods="2" coveredmethods="1"/>
      <file name="HomeScreen.jsx" path="/Users/dileepvarma/React-native-workspace/MovieApp/src/screens/HomeScreen.jsx">
        <metrics statements="3" coveredstatements="2" conditionals="0" coveredconditionals="0" methods="1" coveredmethods="0"/>
        <line num="6" count="2" type="stmt"/>
        <line num="7" count="0" type="stmt"/>
        <line num="15" count="2" type="stmt"/>
      </file>
      <file name="MovieDetails.jsx" path="/Users/dileepvarma/React-native-workspace/MovieApp/src/screens/MovieDetails.jsx">
        <metrics statements="4" coveredstatements="4" conditionals="0" coveredconditionals="0" methods="1" coveredmethods="1"/>
        <line num="4" count="2" type="stmt"/>
        <line num="5" count="1" type="stmt"/>
        <line num="7" count="1" type="stmt"/>
        <line num="21" count="2" type="stmt"/>
      </file>
    </package>
  </project>
</coverage>
