{"/Users/dileepvarma/React-native-workspace/MovieApp/.eslintrc.js": {"path":"/Users/dileepvarma/React-native-workspace/MovieApp/.eslintrc.js","statementMap":{"0":{"start":{"line":1,"column":0},"end":{"line":4,"column":2}}},"fnMap":{},"branchMap":{},"s":{"0":0},"f":{},"b":{}}
,"/Users/dileepvarma/React-native-workspace/MovieApp/.prettierrc.js": {"path":"/Users/dileepvarma/React-native-workspace/MovieApp/.prettierrc.js","statementMap":{"0":{"start":{"line":1,"column":0},"end":{"line":7,"column":2}}},"fnMap":{},"branchMap":{},"s":{"0":0},"f":{},"b":{}}
,"/Users/dileepvarma/React-native-workspace/MovieApp/App.jsx": {"path":"/Users/dileepvarma/React-native-workspace/MovieApp/App.jsx","statementMap":{"0":{"start":{"line":7,"column":12},"end":{"line":13,"column":1}},"1":{"start":{"line":8,"column":2},"end":{"line":12,"column":4}}},"fnMap":{"0":{"name":"(anonymous_0)","decl":{"start":{"line":7,"column":12},"end":{"line":7,"column":13}},"loc":{"start":{"line":7,"column":18},"end":{"line":13,"column":1}},"line":7}},"branchMap":{},"s":{"0":1,"1":1},"f":{"0":1},"b":{},"_coverageSchema":"1a1c01bbd47fc00a2c39e90264f33305004495a9","hash":"2298025a01692e2d0c77762c8d186c7eb2127916"}
,"/Users/dileepvarma/React-native-workspace/MovieApp/index.js": {"path":"/Users/dileepvarma/React-native-workspace/MovieApp/index.js","statementMap":{"0":{"start":{"line":10,"column":0},"end":{"line":10,"column":50}},"1":{"start":{"line":10,"column":45},"end":{"line":10,"column":48}}},"fnMap":{"0":{"name":"(anonymous_0)","decl":{"start":{"line":10,"column":39},"end":{"line":10,"column":40}},"loc":{"start":{"line":10,"column":45},"end":{"line":10,"column":48}},"line":10}},"branchMap":{},"s":{"0":0,"1":0},"f":{"0":0},"b":{}}
,"/Users/dileepvarma/React-native-workspace/MovieApp/metro.config.js": {"path":"/Users/dileepvarma/React-native-workspace/MovieApp/metro.config.js","statementMap":{"0":{"start":{"line":1,"column":40},"end":{"line":1,"column":77}},"1":{"start":{"line":9,"column":15},"end":{"line":9,"column":17}},"2":{"start":{"line":11,"column":0},"end":{"line":11,"column":66}}},"fnMap":{},"branchMap":{},"s":{"0":0,"1":0,"2":0},"f":{},"b":{}}
,"/Users/dileepvarma/React-native-workspace/MovieApp/react-native-gesture-handler.js": {"path":"/Users/dileepvarma/React-native-workspace/MovieApp/react-native-gesture-handler.js","statementMap":{"0":{"start":{"line":1,"column":0},"end":{"line":8,"column":4}}},"fnMap":{},"branchMap":{},"s":{"0":0},"f":{},"b":{}}
,"/Users/dileepvarma/React-native-workspace/MovieApp/src/components/Header.jsx": {"path":"/Users/dileepvarma/React-native-workspace/MovieApp/src/components/Header.jsx","statementMap":{"0":{"start":{"line":4,"column":15},"end":{"line":10,"column":1}},"1":{"start":{"line":5,"column":2},"end":{"line":9,"column":4}},"2":{"start":{"line":12,"column":15},"end":{"line":25,"column":2}}},"fnMap":{"0":{"name":"(anonymous_0)","decl":{"start":{"line":4,"column":15},"end":{"line":4,"column":16}},"loc":{"start":{"line":4,"column":21},"end":{"line":10,"column":1}},"line":4}},"branchMap":{},"s":{"0":2,"1":1,"2":2},"f":{"0":1},"b":{},"_coverageSchema":"1a1c01bbd47fc00a2c39e90264f33305004495a9","hash":"0d5280d06ee485b5c0541fc998b12ef6fafabe03"}
,"/Users/dileepvarma/React-native-workspace/MovieApp/src/components/MovieList.jsx": {"path":"/Users/dileepvarma/React-native-workspace/MovieApp/src/components/MovieList.jsx","statementMap":{"0":{"start":{"line":5,"column":18},"end":{"line":48,"column":1}},"1":{"start":{"line":6,"column":30},"end":{"line":6,"column":42}},"2":{"start":{"line":8,"column":2},"end":{"line":27,"column":9}},"3":{"start":{"line":9,"column":24},"end":{"line":24,"column":5}},"4":{"start":{"line":10,"column":22},"end":{"line":10,"column":24}},"5":{"start":{"line":11,"column":25},"end":{"line":11,"column":26}},"6":{"start":{"line":13,"column":6},"end":{"line":23,"column":7}},"7":{"start":{"line":14,"column":8},"end":{"line":19,"column":9}},"8":{"start":{"line":14,"column":24},"end":{"line":14,"column":25}},"9":{"start":{"line":15,"column":27},"end":{"line":17,"column":11}},"10":{"start":{"line":18,"column":10},"end":{"line":18,"column":62}},"11":{"start":{"line":20,"column":8},"end":{"line":20,"column":29}},"12":{"start":{"line":22,"column":8},"end":{"line":22,"column":29}},"13":{"start":{"line":26,"column":4},"end":{"line":26,"column":18}},"14":{"start":{"line":29,"column":21},"end":{"line":39,"column":3}},"15":{"start":{"line":30,"column":4},"end":{"line":38,"column":23}},"16":{"start":{"line":30,"column":37},"end":{"line":30,"column":89}},"17":{"start":{"line":41,"column":2},"end":{"line":47,"column":4}},"18":{"start":{"line":45,"column":30},"end":{"line":45,"column":48}},"19":{"start":{"line":50,"column":15},"end":{"line":64,"column":2}}},"fnMap":{"0":{"name":"(anonymous_0)","decl":{"start":{"line":5,"column":18},"end":{"line":5,"column":19}},"loc":{"start":{"line":5,"column":38},"end":{"line":48,"column":1}},"line":5},"1":{"name":"(anonymous_1)","decl":{"start":{"line":8,"column":12},"end":{"line":8,"column":13}},"loc":{"start":{"line":8,"column":18},"end":{"line":27,"column":3}},"line":8},"2":{"name":"(anonymous_2)","decl":{"start":{"line":9,"column":24},"end":{"line":9,"column":25}},"loc":{"start":{"line":9,"column":36},"end":{"line":24,"column":5}},"line":9},"3":{"name":"(anonymous_3)","decl":{"start":{"line":29,"column":21},"end":{"line":29,"column":22}},"loc":{"start":{"line":30,"column":4},"end":{"line":38,"column":23}},"line":30},"4":{"name":"(anonymous_4)","decl":{"start":{"line":30,"column":31},"end":{"line":30,"column":32}},"loc":{"start":{"line":30,"column":37},"end":{"line":30,"column":89}},"line":30},"5":{"name":"(anonymous_5)","decl":{"start":{"line":45,"column":20},"end":{"line":45,"column":21}},"loc":{"start":{"line":45,"column":30},"end":{"line":45,"column":48}},"line":45}},"branchMap":{},"s":{"0":2,"1":1,"2":1,"3":1,"4":1,"5":1,"6":1,"7":1,"8":1,"9":1,"10":1,"11":0,"12":1,"13":1,"14":1,"15":0,"16":0,"17":1,"18":0,"19":2},"f":{"0":1,"1":1,"2":1,"3":0,"4":0,"5":0},"b":{},"_coverageSchema":"1a1c01bbd47fc00a2c39e90264f33305004495a9","hash":"a82d13017cfdd5ee84da9d13697a06574d8ac8ee"}
,"/Users/dileepvarma/React-native-workspace/MovieApp/src/navigation/AppNavigator.jsx": {"path":"/Users/dileepvarma/React-native-workspace/MovieApp/src/navigation/AppNavigator.jsx","statementMap":{"0":{"start":{"line":6,"column":14},"end":{"line":6,"column":36}},"1":{"start":{"line":8,"column":21},"end":{"line":13,"column":1}},"2":{"start":{"line":9,"column":2},"end":{"line":12,"column":20}}},"fnMap":{"0":{"name":"(anonymous_0)","decl":{"start":{"line":8,"column":21},"end":{"line":8,"column":22}},"loc":{"start":{"line":9,"column":2},"end":{"line":12,"column":20}},"line":9}},"branchMap":{},"s":{"0":2,"1":2,"2":2},"f":{"0":2},"b":{},"_coverageSchema":"1a1c01bbd47fc00a2c39e90264f33305004495a9","hash":"c2f3465347fcf0e265f65a76c131b811b55d1456"}
,"/Users/dileepvarma/React-native-workspace/MovieApp/src/screens/HomeScreen.jsx": {"path":"/Users/dileepvarma/React-native-workspace/MovieApp/src/screens/HomeScreen.jsx","statementMap":{"0":{"start":{"line":6,"column":19},"end":{"line":13,"column":1}},"1":{"start":{"line":7,"column":2},"end":{"line":12,"column":4}},"2":{"start":{"line":15,"column":15},"end":{"line":19,"column":2}}},"fnMap":{"0":{"name":"(anonymous_0)","decl":{"start":{"line":6,"column":19},"end":{"line":6,"column":20}},"loc":{"start":{"line":6,"column":39},"end":{"line":13,"column":1}},"line":6}},"branchMap":{},"s":{"0":2,"1":0,"2":2},"f":{"0":0},"b":{},"_coverageSchema":"1a1c01bbd47fc00a2c39e90264f33305004495a9","hash":"b3498329647450e89981a127c7f7f8fc1ce305e6"}
,"/Users/dileepvarma/React-native-workspace/MovieApp/src/screens/MovieDetails.jsx": {"path":"/Users/dileepvarma/React-native-workspace/MovieApp/src/screens/MovieDetails.jsx","statementMap":{"0":{"start":{"line":4,"column":21},"end":{"line":19,"column":1}},"1":{"start":{"line":5,"column":20},"end":{"line":5,"column":32}},"2":{"start":{"line":7,"column":2},"end":{"line":18,"column":4}},"3":{"start":{"line":21,"column":15},"end":{"line":48,"column":2}}},"fnMap":{"0":{"name":"(anonymous_0)","decl":{"start":{"line":4,"column":21},"end":{"line":4,"column":22}},"loc":{"start":{"line":4,"column":36},"end":{"line":19,"column":1}},"line":4}},"branchMap":{},"s":{"0":2,"1":1,"2":1,"3":2},"f":{"0":1},"b":{},"_coverageSchema":"1a1c01bbd47fc00a2c39e90264f33305004495a9","hash":"2aeaee3c1f480160dca8375a5909d6bf3c4db504"}
}
